[0m[1mdocker_image.springapp: Refreshing state... [id=sha256:291e01cc99acfe453d8025217b176740c5c219ffde479d5fb8919e9ae4a98afbsubasangeeth/springapp:latest][0m
[0m[1mdocker_container.springapp_container: Refreshing state... [id=68268a7743d9787a2b5161f4f653a8c744a897948aa857ccc178fbc16f53ec2e][0m

Terraform used the selected providers to generate the following execution
plan. Resource actions are indicated with the following symbols:
  [31m-[0m destroy[0m

Terraform will perform the following actions:

[1m  # docker_container.springapp_container[0m will be [1m[31mdestroyed[0m
[0m  [31m-[0m[0m resource "docker_container" "springapp_container" {
      [31m-[0m[0m attach                                      = false [90m-> null[0m[0m
      [31m-[0m[0m command                                     = [
          [31m-[0m[0m "java",
          [31m-[0m[0m "-jar",
          [31m-[0m[0m "app.jar",
        ] [90m-> null[0m[0m
      [31m-[0m[0m container_read_refresh_timeout_milliseconds = 15000 [90m-> null[0m[0m
      [31m-[0m[0m cpu_shares                                  = 0 [90m-> null[0m[0m
      [31m-[0m[0m dns                                         = [] [90m-> null[0m[0m
      [31m-[0m[0m dns_opts                                    = [] [90m-> null[0m[0m
      [31m-[0m[0m dns_search                                  = [] [90m-> null[0m[0m
      [31m-[0m[0m entrypoint                                  = [] [90m-> null[0m[0m
      [31m-[0m[0m env                                         = [] [90m-> null[0m[0m
      [31m-[0m[0m group_add                                   = [] [90m-> null[0m[0m
      [31m-[0m[0m hostname                                    = "68268a7743d9" [90m-> null[0m[0m
      [31m-[0m[0m id                                          = "68268a7743d9787a2b5161f4f653a8c744a897948aa857ccc178fbc16f53ec2e" [90m-> null[0m[0m
      [31m-[0m[0m image                                       = "sha256:291e01cc99acfe453d8025217b176740c5c219ffde479d5fb8919e9ae4a98afb" [90m-> null[0m[0m
      [31m-[0m[0m init                                        = false [90m-> null[0m[0m
      [31m-[0m[0m ipc_mode                                    = "private" [90m-> null[0m[0m
      [31m-[0m[0m log_driver                                  = "json-file" [90m-> null[0m[0m
      [31m-[0m[0m log_opts                                    = {} [90m-> null[0m[0m
      [31m-[0m[0m logs                                        = false [90m-> null[0m[0m
      [31m-[0m[0m max_retry_count                             = 0 [90m-> null[0m[0m
      [31m-[0m[0m memory                                      = 0 [90m-> null[0m[0m
      [31m-[0m[0m memory_swap                                 = 0 [90m-> null[0m[0m
      [31m-[0m[0m must_run                                    = true [90m-> null[0m[0m
      [31m-[0m[0m name                                        = "spring-app" [90m-> null[0m[0m
      [31m-[0m[0m network_data                                = [
          [31m-[0m[0m {
              [31m-[0m[0m gateway                   = "172.17.0.1"
              [31m-[0m[0m global_ipv6_prefix_length = 0
              [31m-[0m[0m ip_address                = "172.17.0.2"
              [31m-[0m[0m ip_prefix_length          = 16
              [31m-[0m[0m mac_address               = "76:7a:bc:13:f8:63"
              [31m-[0m[0m network_name              = "bridge"
                [90m# (2 unchanged attributes hidden)[0m[0m
            },
        ] [90m-> null[0m[0m
      [31m-[0m[0m network_mode                                = "bridge" [90m-> null[0m[0m
      [31m-[0m[0m privileged                                  = false [90m-> null[0m[0m
      [31m-[0m[0m publish_all_ports                           = false [90m-> null[0m[0m
      [31m-[0m[0m read_only                                   = false [90m-> null[0m[0m
      [31m-[0m[0m remove_volumes                              = true [90m-> null[0m[0m
      [31m-[0m[0m restart                                     = "no" [90m-> null[0m[0m
      [31m-[0m[0m rm                                          = false [90m-> null[0m[0m
      [31m-[0m[0m runtime                                     = "runc" [90m-> null[0m[0m
      [31m-[0m[0m security_opts                               = [] [90m-> null[0m[0m
      [31m-[0m[0m shm_size                                    = 64 [90m-> null[0m[0m
      [31m-[0m[0m start                                       = true [90m-> null[0m[0m
      [31m-[0m[0m stdin_open                                  = false [90m-> null[0m[0m
      [31m-[0m[0m stop_timeout                                = 0 [90m-> null[0m[0m
      [31m-[0m[0m storage_opts                                = {} [90m-> null[0m[0m
      [31m-[0m[0m sysctls                                     = {} [90m-> null[0m[0m
      [31m-[0m[0m tmpfs                                       = {} [90m-> null[0m[0m
      [31m-[0m[0m tty                                         = false [90m-> null[0m[0m
      [31m-[0m[0m wait                                        = false [90m-> null[0m[0m
      [31m-[0m[0m wait_timeout                                = 60 [90m-> null[0m[0m
        [90m# (8 unchanged attributes hidden)[0m[0m

      [31m-[0m[0m ports {
          [31m-[0m[0m external = 8090 [90m-> null[0m[0m
          [31m-[0m[0m internal = 8090 [90m-> null[0m[0m
          [31m-[0m[0m ip       = "0.0.0.0" [90m-> null[0m[0m
          [31m-[0m[0m protocol = "tcp" [90m-> null[0m[0m
        }
    }

[1m  # docker_image.springapp[0m will be [1m[31mdestroyed[0m
[0m  [31m-[0m[0m resource "docker_image" "springapp" {
      [31m-[0m[0m id           = "sha256:291e01cc99acfe453d8025217b176740c5c219ffde479d5fb8919e9ae4a98afbsubasangeeth/springapp:latest" [90m-> null[0m[0m
      [31m-[0m[0m image_id     = "sha256:291e01cc99acfe453d8025217b176740c5c219ffde479d5fb8919e9ae4a98afb" [90m-> null[0m[0m
      [31m-[0m[0m keep_locally = true [90m-> null[0m[0m
      [31m-[0m[0m name         = "subasangeeth/springapp:latest" [90m-> null[0m[0m
      [31m-[0m[0m repo_digest  = "subasangeeth/springapp@sha256:b486e1e938a3c7157b5375d4948c35a51d6a04b6579b8601b698af41193a8b89" [90m-> null[0m[0m
    }

[1mPlan:[0m 0 to add, 0 to change, 2 to destroy.
[0m[0m[1mdocker_container.springapp_container: Destroying... [id=68268a7743d9787a2b5161f4f653a8c744a897948aa857ccc178fbc16f53ec2e][0m[0m
[0m[1mdocker_container.springapp_container: Destruction complete after 0s[0m
[0m[1mdocker_image.springapp: Destroying... [id=sha256:291e01cc99acfe453d8025217b176740c5c219ffde479d5fb8919e9ae4a98afbsubasangeeth/springapp:latest][0m[0m
[0m[1mdocker_image.springapp: Destruction complete after 0s[0m
[0m[1m[32m
Destroy complete! Resources: 2 destroyed.
[0m